1619279928196	geckodriver	INFO	Listening on 127.0.0.1:46719
1619279929144	mozrunner::runner	INFO	Running command: "/usr/bin/firefox" "--marionette" "user-agent=Mozila/5.0 (X11; Ubuntu; Linux x86_64; rv:84.0) Gecko/20100101 Firefox/84.0" "-foreground" "-no-remote" "-profile" "/tmp/rust_mozprofileLWDBxX"
1619279936670	Marionette	INFO	Listening on port 43167
1619279936687	Marionette	WARN	TLS certificate errors will be ignored for this session
Exiting due to channel error.
Exiting due to channel error.
Exiting due to channel error.
1619280042696	geckodriver	INFO	Listening on 127.0.0.1:35291
1619280042706	mozrunner::runner	INFO	Running command: "/usr/bin/firefox" "--marionette" "user-agent=Mozila/5.0 (X11; Ubuntu; Linux x86_64; rv:84.0) Gecko/20100101 Firefox/84.0" "-foreground" "-no-remote" "-profile" "/tmp/rust_mozprofileWs2V1r"
1619280049341	Marionette	INFO	Listening on port 43727
1619280049444	Marionette	WARN	TLS certificate errors will be ignored for this session
1619280082028	Marionette	INFO	Stopped listening on port 43727
1619366028023	geckodriver	INFO	Listening on 127.0.0.1:49879
1619366029007	mozrunner::runner	INFO	Running command: "/usr/bin/firefox" "--marionette" "user-agent=Mozila/5.0 (X11; Ubuntu; Linux x86_64; rv:84.0) Gecko/20100101 Firefox/84.0" "-foreground" "-no-remote" "-profile" "/tmp/rust_mozprofileZj3Pof"
1619366033210	Marionette	INFO	Listening on port 46515
1619366033236	Marionette	WARN	TLS certificate errors will be ignored for this session
1619366071032	Marionette	INFO	Stopped listening on port 46515
1619366074900	geckodriver	INFO	Listening on 127.0.0.1:37359
1619366074910	mozrunner::runner	INFO	Running command: "/usr/bin/firefox" "--marionette" "user-agent=Mozila/5.0 (X11; Ubuntu; Linux x86_64; rv:84.0) Gecko/20100101 Firefox/84.0" "-foreground" "-no-remote" "-profile" "/tmp/rust_mozprofiledCw2hS"
1619366078279	Marionette	INFO	Listening on port 43889
1619366078319	Marionette	WARN	TLS certificate errors will be ignored for this session
1619366096987	FirefoxAccounts	ERROR	FxA rejecting with error UNVERIFIED_ACCOUNT, details: undefined
console.info: "Skipping device list refresh; not signed in"
1619366096992	FirefoxAccounts	ERROR	Background refresh of initial profile failed: Error: UNVERIFIED_ACCOUNT(resource://gre/modules/FxAccounts.jsm:1856:18) JS Stack trace: _error@FxAccounts.jsm:1856:18
withVerifiedAccountState/<@FxAccounts.jsm:853:20
1619366096993	FirefoxAccounts	ERROR	FxA rejecting with error UNVERIFIED_ACCOUNT, details: undefined
1619366096994	FirefoxAccounts	ERROR	Background refresh of initial profile failed: Error: UNVERIFIED_ACCOUNT(resource://gre/modules/FxAccounts.jsm:1856:18) JS Stack trace: _error@FxAccounts.jsm:1856:18
withVerifiedAccountState/<@FxAccounts.jsm:853:20
Log warning: The log 'Services.Common.RESTRequest' is configured to use the preference 'services.common.log.logger.rest.request' - you must adjust the level by setting this preference, not by using the level setter
JavaScript warning: https://portal.petrocollege.ru/_layouts/15/sp.ribbon.js?rev=1F3TSGFB5%2FyAaRkjYHJL5w%3D%3D, line 2: unreachable code after return statement
1619366143176	Marionette	INFO	Stopped listening on port 43889
1619366467572	geckodriver	INFO	Listening on 127.0.0.1:45097
1619366467578	mozrunner::runner	INFO	Running command: "/usr/bin/firefox" "--marionette" "user-agent=Mozila/5.0 (X11; Ubuntu; Linux x86_64; rv:84.0) Gecko/20100101 Firefox/84.0" "-foreground" "-no-remote" "-profile" "/tmp/rust_mozprofileN7Vlz2"
1619366472162	Marionette	INFO	Listening on port 43691
1619366472201	Marionette	WARN	TLS certificate errors will be ignored for this session
Log warning: The log 'Services.Common.RESTRequest' is configured to use the preference 'services.common.log.logger.rest.request' - you must adjust the level by setting this preference, not by using the level setter
JavaScript warning: https://portal.petrocollege.ru/_layouts/15/sp.ribbon.js?rev=1F3TSGFB5%2FyAaRkjYHJL5w%3D%3D, line 2: unreachable code after return statement
1619366539009	Marionette	INFO	Stopped listening on port 43691
1619366575323	geckodriver	INFO	Listening on 127.0.0.1:58291
1619366575329	mozrunner::runner	INFO	Running command: "/usr/bin/firefox" "--marionette" "user-agent=Mozila/5.0 (X11; Ubuntu; Linux x86_64; rv:84.0) Gecko/20100101 Firefox/84.0" "-foreground" "-no-remote" "-profile" "/tmp/rust_mozprofileFMKv98"
1619366580170	Marionette	INFO	Listening on port 45201
1619366580245	Marionette	WARN	TLS certificate errors will be ignored for this session
Log warning: The log 'Services.Common.RESTRequest' is configured to use the preference 'services.common.log.logger.rest.request' - you must adjust the level by setting this preference, not by using the level setter
JavaScript warning: https://portal.petrocollege.ru/_layouts/15/sp.ribbon.js?rev=1F3TSGFB5%2FyAaRkjYHJL5w%3D%3D, line 2: unreachable code after return statement
Exiting due to channel error.
Exiting due to channel error.
Exiting due to channel error.
1619367039662	geckodriver	INFO	Listening on 127.0.0.1:38825
1619367039668	mozrunner::runner	INFO	Running command: "/usr/bin/firefox" "--marionette" "user-agent=Mozila/5.0 (X11; Ubuntu; Linux x86_64; rv:84.0) Gecko/20100101 Firefox/84.0" "-foreground" "-no-remote" "-profile" "/tmp/rust_mozprofile7lr8Ml"
1619367044128	Marionette	INFO	Listening on port 33243
1619367044179	Marionette	WARN	TLS certificate errors will be ignored for this session
Log warning: The log 'Services.Common.RESTRequest' is configured to use the preference 'services.common.log.logger.rest.request' - you must adjust the level by setting this preference, not by using the level setter
JavaScript warning: https://portal.petrocollege.ru/_layouts/15/sp.ribbon.js?rev=1F3TSGFB5%2FyAaRkjYHJL5w%3D%3D, line 2: unreachable code after return statement
1619367101029	Marionette	INFO	Stopped listening on port 33243
1619367156824	geckodriver	INFO	Listening on 127.0.0.1:36531
1619367156829	mozrunner::runner	INFO	Running command: "/usr/bin/firefox" "--marionette" "user-agent=Mozila/5.0 (X11; Ubuntu; Linux x86_64; rv:84.0) Gecko/20100101 Firefox/84.0" "-foreground" "-no-remote" "-profile" "/tmp/rust_mozprofilejL6XRR"
1619367161395	Marionette	INFO	Listening on port 46659
1619367161442	Marionette	WARN	TLS certificate errors will be ignored for this session
Log warning: The log 'Services.Common.RESTRequest' is configured to use the preference 'services.common.log.logger.rest.request' - you must adjust the level by setting this preference, not by using the level setter
JavaScript warning: https://portal.petrocollege.ru/_layouts/15/sp.ribbon.js?rev=1F3TSGFB5%2FyAaRkjYHJL5w%3D%3D, line 2: unreachable code after return statement
1619367237542	Marionette	INFO	Stopped listening on port 46659
1619367262184	geckodriver	INFO	Listening on 127.0.0.1:48001
1619367262188	mozrunner::runner	INFO	Running command: "/usr/bin/firefox" "--marionette" "user-agent=Mozila/5.0 (X11; Ubuntu; Linux x86_64; rv:84.0) Gecko/20100101 Firefox/84.0" "-foreground" "-no-remote" "-profile" "/tmp/rust_mozprofilewWDauo"
1619367266633	Marionette	INFO	Listening on port 41467
1619367266737	Marionette	WARN	TLS certificate errors will be ignored for this session
Log warning: The log 'Services.Common.RESTRequest' is configured to use the preference 'services.common.log.logger.rest.request' - you must adjust the level by setting this preference, not by using the level setter
JavaScript warning: https://portal.petrocollege.ru/_layouts/15/sp.ribbon.js?rev=1F3TSGFB5%2FyAaRkjYHJL5w%3D%3D, line 2: unreachable code after return statement
1619367343887	Marionette	INFO	Stopped listening on port 41467
1619367453167	geckodriver	INFO	Listening on 127.0.0.1:40693
1619367453171	mozrunner::runner	INFO	Running command: "/usr/bin/firefox" "--marionette" "user-agent=Mozila/5.0 (X11; Ubuntu; Linux x86_64; rv:84.0) Gecko/20100101 Firefox/84.0" "-foreground" "-no-remote" "-profile" "/tmp/rust_mozprofilepKScz3"
1619367457532	Marionette	INFO	Listening on port 44701
1619367457609	Marionette	WARN	TLS certificate errors will be ignored for this session
Log warning: The log 'Services.Common.RESTRequest' is configured to use the preference 'services.common.log.logger.rest.request' - you must adjust the level by setting this preference, not by using the level setter
JavaScript warning: https://portal.petrocollege.ru/_layouts/15/sp.ribbon.js?rev=1F3TSGFB5%2FyAaRkjYHJL5w%3D%3D, line 2: unreachable code after return statement
1619367533985	Marionette	INFO	Stopped listening on port 44701
1619367819187	geckodriver	INFO	Listening on 127.0.0.1:42187
1619367819192	mozrunner::runner	INFO	Running command: "/usr/bin/firefox" "--marionette" "user-agent=Mozila/5.0 (X11; Ubuntu; Linux x86_64; rv:84.0) Gecko/20100101 Firefox/84.0" "-foreground" "-no-remote" "-profile" "/tmp/rust_mozprofileyOmV9c"
1619367823773	Marionette	INFO	Listening on port 42177
1619367823907	Marionette	WARN	TLS certificate errors will be ignored for this session
Log warning: The log 'Services.Common.RESTRequest' is configured to use the preference 'services.common.log.logger.rest.request' - you must adjust the level by setting this preference, not by using the level setter
JavaScript warning: https://portal.petrocollege.ru/_layouts/15/sp.ribbon.js?rev=1F3TSGFB5%2FyAaRkjYHJL5w%3D%3D, line 2: unreachable code after return statement
JavaScript warning: https://portal.petrocollege.ru/_layouts/15/sp.ribbon.js?rev=1F3TSGFB5%2FyAaRkjYHJL5w%3D%3D, line 2: unreachable code after return statement
1619367884585	Marionette	INFO	Stopped listening on port 42177
1619367944974	geckodriver	INFO	Listening on 127.0.0.1:43439
1619367944978	mozrunner::runner	INFO	Running command: "/usr/bin/firefox" "--marionette" "user-agent=Mozila/5.0 (X11; Ubuntu; Linux x86_64; rv:84.0) Gecko/20100101 Firefox/84.0" "-foreground" "-no-remote" "-profile" "/tmp/rust_mozprofileAofORW"
1619367949721	Marionette	INFO	Listening on port 39651
1619367949847	Marionette	WARN	TLS certificate errors will be ignored for this session
Log warning: The log 'Services.Common.RESTRequest' is configured to use the preference 'services.common.log.logger.rest.request' - you must adjust the level by setting this preference, not by using the level setter
JavaScript warning: https://portal.petrocollege.ru/_layouts/15/sp.ribbon.js?rev=1F3TSGFB5%2FyAaRkjYHJL5w%3D%3D, line 2: unreachable code after return statement
JavaScript warning: https://portal.petrocollege.ru/_layouts/15/sp.ribbon.js?rev=1F3TSGFB5%2FyAaRkjYHJL5w%3D%3D, line 2: unreachable code after return statement
1619368051895	Marionette	INFO	Stopped listening on port 39651
1619368805924	geckodriver	INFO	Listening on 127.0.0.1:49255
1619368805930	mozrunner::runner	INFO	Running command: "/usr/bin/firefox" "--marionette" "user-agent=Mozila/5.0 (X11; Ubuntu; Linux x86_64; rv:84.0) Gecko/20100101 Firefox/84.0" "-foreground" "-no-remote" "-profile" "/tmp/rust_mozprofileGJ90H5"
1619368809994	Marionette	INFO	Listening on port 39695
1619368810040	Marionette	WARN	TLS certificate errors will be ignored for this session
Log warning: The log 'Services.Common.RESTRequest' is configured to use the preference 'services.common.log.logger.rest.request' - you must adjust the level by setting this preference, not by using the level setter
JavaScript warning: https://portal.petrocollege.ru/_layouts/15/sp.ribbon.js?rev=1F3TSGFB5%2FyAaRkjYHJL5w%3D%3D, line 2: unreachable code after return statement
JavaScript warning: https://portal.petrocollege.ru/_layouts/15/sp.ribbon.js?rev=1F3TSGFB5%2FyAaRkjYHJL5w%3D%3D, line 2: unreachable code after return statement
1619368889527	Marionette	INFO	Stopped listening on port 39695
1619368976318	geckodriver	INFO	Listening on 127.0.0.1:44579
1619368976324	mozrunner::runner	INFO	Running command: "/usr/bin/firefox" "--marionette" "user-agent=Mozila/5.0 (X11; Ubuntu; Linux x86_64; rv:84.0) Gecko/20100101 Firefox/84.0" "-foreground" "-no-remote" "-profile" "/tmp/rust_mozprofileA8hCkN"
1619368981027	Marionette	INFO	Listening on port 32943
1619368981037	Marionette	WARN	TLS certificate errors will be ignored for this session
Log warning: The log 'Services.Common.RESTRequest' is configured to use the preference 'services.common.log.logger.rest.request' - you must adjust the level by setting this preference, not by using the level setter
JavaScript warning: https://portal.petrocollege.ru/_layouts/15/sp.ribbon.js?rev=1F3TSGFB5%2FyAaRkjYHJL5w%3D%3D, line 2: unreachable code after return statement
JavaScript warning: https://portal.petrocollege.ru/_layouts/15/sp.ribbon.js?rev=1F3TSGFB5%2FyAaRkjYHJL5w%3D%3D, line 2: unreachable code after return statement
Exiting due to channel error.
Exiting due to channel error.
Exiting due to channel error.
1619369248642	geckodriver	INFO	Listening on 127.0.0.1:59241
1619369248647	mozrunner::runner	INFO	Running command: "/usr/bin/firefox" "--marionette" "user-agent=Mozila/5.0 (X11; Ubuntu; Linux x86_64; rv:84.0) Gecko/20100101 Firefox/84.0" "-foreground" "-no-remote" "-profile" "/tmp/rust_mozprofilezazFFY"
1619369252811	Marionette	INFO	Listening on port 39223
1619369252857	Marionette	WARN	TLS certificate errors will be ignored for this session
Log warning: The log 'Services.Common.RESTRequest' is configured to use the preference 'services.common.log.logger.rest.request' - you must adjust the level by setting this preference, not by using the level setter
JavaScript warning: https://portal.petrocollege.ru/_layouts/15/sp.ribbon.js?rev=1F3TSGFB5%2FyAaRkjYHJL5w%3D%3D, line 2: unreachable code after return statement
JavaScript warning: https://portal.petrocollege.ru/_layouts/15/sp.ribbon.js?rev=1F3TSGFB5%2FyAaRkjYHJL5w%3D%3D, line 2: unreachable code after return statement
1619369332576	Marionette	INFO	Stopped listening on port 39223
1619369573037	geckodriver	INFO	Listening on 127.0.0.1:34929
1619369573042	mozrunner::runner	INFO	Running command: "/usr/bin/firefox" "--marionette" "user-agent=Mozila/5.0 (X11; Ubuntu; Linux x86_64; rv:84.0) Gecko/20100101 Firefox/84.0" "-foreground" "-no-remote" "-profile" "/tmp/rust_mozprofileQbDyFR"
1619369577390	Marionette	INFO	Listening on port 40889
1619369577542	Marionette	WARN	TLS certificate errors will be ignored for this session
Log warning: The log 'Services.Common.RESTRequest' is configured to use the preference 'services.common.log.logger.rest.request' - you must adjust the level by setting this preference, not by using the level setter
JavaScript warning: https://portal.petrocollege.ru/_layouts/15/sp.ribbon.js?rev=1F3TSGFB5%2FyAaRkjYHJL5w%3D%3D, line 2: unreachable code after return statement
JavaScript warning: https://portal.petrocollege.ru/_layouts/15/sp.ribbon.js?rev=1F3TSGFB5%2FyAaRkjYHJL5w%3D%3D, line 2: unreachable code after return statement
console.error: "Store does not have a valid reducer. Make sure the argument passed to combineReducers is an object whose values are reducers."
SourceActor threw an exception: [Exception... "Failed to open input source 'javascript:false;'"  nsresult: "0x80040111 (NS_ERROR_NOT_AVAILABLE)"  location: "JS frame :: resource://devtools/shared/DevToolsUtils.js :: mainThreadFetch/< :: line 659"  data: yes]
Stack: mainThreadFetch/<@resource://devtools/shared/DevToolsUtils.js:659:15
mainThreadFetch@resource://devtools/shared/DevToolsUtils.js:509:10
_fetchURLContents@resource://devtools/server/actors/utils/TabSources.js:580:22
urlContents@resource://devtools/server/actors/utils/TabSources.js:547:17
_resurrectSource@resource://devtools/server/actors/thread.js:1998:69
addAllSources@resource://devtools/server/actors/thread.js:1382:14
onSources@resource://devtools/server/actors/thread.js:1388:10
onPacket@resource://devtools/server/devtools-server-connection.js:380:58
receiveMessage@resource://devtools/shared/transport/child-transport.js:66:16
Line: 659, column: 0
console.error: ({})
JavaScript error: resource://devtools/shared/DevToolsUtils.js, line 659: NS_ERROR_NOT_AVAILABLE: Failed to open input source 'javascript:false;'
1619369766759	geckodriver	INFO	Listening on 127.0.0.1:38031
1619369766764	mozrunner::runner	INFO	Running command: "/usr/bin/firefox" "--marionette" "user-agent=Mozila/5.0 (X11; Ubuntu; Linux x86_64; rv:84.0) Gecko/20100101 Firefox/84.0" "-foreground" "-no-remote" "-profile" "/tmp/rust_mozprofileHBXovK"
1619369771016	Marionette	INFO	Listening on port 42043
1619369771079	Marionette	WARN	TLS certificate errors will be ignored for this session
Log warning: The log 'Services.Common.RESTRequest' is configured to use the preference 'services.common.log.logger.rest.request' - you must adjust the level by setting this preference, not by using the level setter
JavaScript warning: https://portal.petrocollege.ru/_layouts/15/sp.ribbon.js?rev=1F3TSGFB5%2FyAaRkjYHJL5w%3D%3D, line 2: unreachable code after return statement
JavaScript warning: https://portal.petrocollege.ru/_layouts/15/sp.ribbon.js?rev=1F3TSGFB5%2FyAaRkjYHJL5w%3D%3D, line 2: unreachable code after return statement
1619369879734	geckodriver	INFO	Listening on 127.0.0.1:44997
1619369879738	mozrunner::runner	INFO	Running command: "/usr/bin/firefox" "--marionette" "user-agent=Mozila/5.0 (X11; Ubuntu; Linux x86_64; rv:84.0) Gecko/20100101 Firefox/84.0" "-foreground" "-no-remote" "-profile" "/tmp/rust_mozprofileD7ejN0"
1619369884346	Marionette	INFO	Listening on port 37305
1619369884374	Marionette	WARN	TLS certificate errors will be ignored for this session
Log warning: The log 'Services.Common.RESTRequest' is configured to use the preference 'services.common.log.logger.rest.request' - you must adjust the level by setting this preference, not by using the level setter
JavaScript warning: https://portal.petrocollege.ru/_layouts/15/sp.ribbon.js?rev=1F3TSGFB5%2FyAaRkjYHJL5w%3D%3D, line 2: unreachable code after return statement
JavaScript warning: https://portal.petrocollege.ru/_layouts/15/sp.ribbon.js?rev=1F3TSGFB5%2FyAaRkjYHJL5w%3D%3D, line 2: unreachable code after return statement
console.error: "Store does not have a valid reducer. Make sure the argument passed to combineReducers is an object whose values are reducers."
SourceActor threw an exception: [Exception... "Failed to open input source 'javascript:false;'"  nsresult: "0x80040111 (NS_ERROR_NOT_AVAILABLE)"  location: "JS frame :: resource://devtools/shared/DevToolsUtils.js :: mainThreadFetch/< :: line 659"  data: yes]
Stack: mainThreadFetch/<@resource://devtools/shared/DevToolsUtils.js:659:15
mainThreadFetch@resource://devtools/shared/DevToolsUtils.js:509:10
_fetchURLContents@resource://devtools/server/actors/utils/TabSources.js:580:22
urlContents@resource://devtools/server/actors/utils/TabSources.js:547:17
_resurrectSource@resource://devtools/server/actors/thread.js:1998:69
addAllSources@resource://devtools/server/actors/thread.js:1382:14
onSources@resource://devtools/server/actors/thread.js:1388:10
onPacket@resource://devtools/server/devtools-server-connection.js:380:58
receiveMessage@resource://devtools/shared/transport/child-transport.js:66:16
Line: 659, column: 0
console.error: ({})
JavaScript error: resource://devtools/shared/DevToolsUtils.js, line 659: NS_ERROR_NOT_AVAILABLE: Failed to open input source 'javascript:false;'
1619370023229	geckodriver	INFO	Listening on 127.0.0.1:58181
1619370023234	mozrunner::runner	INFO	Running command: "/usr/bin/firefox" "--marionette" "user-agent=Mozila/5.0 (X11; Ubuntu; Linux x86_64; rv:84.0) Gecko/20100101 Firefox/84.0" "-foreground" "-no-remote" "-profile" "/tmp/rust_mozprofileY2bQwx"
1619370027628	Marionette	INFO	Listening on port 37849
1619370027645	Marionette	WARN	TLS certificate errors will be ignored for this session
Log warning: The log 'Services.Common.RESTRequest' is configured to use the preference 'services.common.log.logger.rest.request' - you must adjust the level by setting this preference, not by using the level setter
JavaScript warning: https://portal.petrocollege.ru/_layouts/15/sp.ribbon.js?rev=1F3TSGFB5%2FyAaRkjYHJL5w%3D%3D, line 2: unreachable code after return statement
JavaScript warning: https://portal.petrocollege.ru/_layouts/15/sp.ribbon.js?rev=1F3TSGFB5%2FyAaRkjYHJL5w%3D%3D, line 2: unreachable code after return statement
1619370339171	Marionette	INFO	Stopped listening on port 37849
1619370344836	Marionette	INFO	Stopped listening on port 40889
1619370348034	Marionette	INFO	Stopped listening on port 37305
1619370352385	Marionette	INFO	Stopped listening on port 42043
1619370427724	geckodriver	INFO	Listening on 127.0.0.1:38285
1619370427729	mozrunner::runner	INFO	Running command: "/usr/bin/firefox" "--marionette" "user-agent=Mozila/5.0 (X11; Ubuntu; Linux x86_64; rv:84.0) Gecko/20100101 Firefox/84.0" "-foreground" "-no-remote" "-profile" "/tmp/rust_mozprofilewtx8bA"
1619370432271	Marionette	INFO	Listening on port 44139
1619370432340	Marionette	WARN	TLS certificate errors will be ignored for this session
Log warning: The log 'Services.Common.RESTRequest' is configured to use the preference 'services.common.log.logger.rest.request' - you must adjust the level by setting this preference, not by using the level setter
JavaScript warning: https://portal.petrocollege.ru/_layouts/15/sp.ribbon.js?rev=1F3TSGFB5%2FyAaRkjYHJL5w%3D%3D, line 2: unreachable code after return statement
JavaScript warning: https://portal.petrocollege.ru/_layouts/15/sp.ribbon.js?rev=1F3TSGFB5%2FyAaRkjYHJL5w%3D%3D, line 2: unreachable code after return statement
console.error: "Store does not have a valid reducer. Make sure the argument passed to combineReducers is an object whose values are reducers."
SourceActor threw an exception: [Exception... "Failed to open input source 'javascript:false;'"  nsresult: "0x80040111 (NS_ERROR_NOT_AVAILABLE)"  location: "JS frame :: resource://devtools/shared/DevToolsUtils.js :: mainThreadFetch/< :: line 659"  data: yes]
Stack: mainThreadFetch/<@resource://devtools/shared/DevToolsUtils.js:659:15
mainThreadFetch@resource://devtools/shared/DevToolsUtils.js:509:10
_fetchURLContents@resource://devtools/server/actors/utils/TabSources.js:580:22
urlContents@resource://devtools/server/actors/utils/TabSources.js:547:17
_resurrectSource@resource://devtools/server/actors/thread.js:1998:69
addAllSources@resource://devtools/server/actors/thread.js:1382:14
onSources@resource://devtools/server/actors/thread.js:1388:10
onPacket@resource://devtools/server/devtools-server-connection.js:380:58
receiveMessage@resource://devtools/shared/transport/child-transport.js:66:16
Line: 659, column: 0
console.error: ({})
JavaScript error: resource://devtools/shared/DevToolsUtils.js, line 659: NS_ERROR_NOT_AVAILABLE: Failed to open input source 'javascript:false;'
1619370587204	geckodriver	INFO	Listening on 127.0.0.1:44517
1619370587209	mozrunner::runner	INFO	Running command: "/usr/bin/firefox" "--marionette" "user-agent=Mozila/5.0 (X11; Ubuntu; Linux x86_64; rv:84.0) Gecko/20100101 Firefox/84.0" "-foreground" "-no-remote" "-profile" "/tmp/rust_mozprofile5Lng0o"
1619370590159	Marionette	INFO	Stopped listening on port 44139
1619370591915	Marionette	INFO	Listening on port 34117
1619370591935	Marionette	WARN	TLS certificate errors will be ignored for this session
Log warning: The log 'Services.Common.RESTRequest' is configured to use the preference 'services.common.log.logger.rest.request' - you must adjust the level by setting this preference, not by using the level setter
JavaScript warning: https://portal.petrocollege.ru/_layouts/15/sp.ribbon.js?rev=1F3TSGFB5%2FyAaRkjYHJL5w%3D%3D, line 2: unreachable code after return statement
JavaScript warning: https://portal.petrocollege.ru/_layouts/15/sp.ribbon.js?rev=1F3TSGFB5%2FyAaRkjYHJL5w%3D%3D, line 2: unreachable code after return statement
console.error: "Store does not have a valid reducer. Make sure the argument passed to combineReducers is an object whose values are reducers."
SourceActor threw an exception: [Exception... "Failed to open input source 'javascript:false;'"  nsresult: "0x80040111 (NS_ERROR_NOT_AVAILABLE)"  location: "JS frame :: resource://devtools/shared/DevToolsUtils.js :: mainThreadFetch/< :: line 659"  data: yes]
Stack: mainThreadFetch/<@resource://devtools/shared/DevToolsUtils.js:659:15
mainThreadFetch@resource://devtools/shared/DevToolsUtils.js:509:10
_fetchURLContents@resource://devtools/server/actors/utils/TabSources.js:580:22
urlContents@resource://devtools/server/actors/utils/TabSources.js:547:17
_resurrectSource@resource://devtools/server/actors/thread.js:1998:69
addAllSources@resource://devtools/server/actors/thread.js:1382:14
onSources@resource://devtools/server/actors/thread.js:1388:10
onPacket@resource://devtools/server/devtools-server-connection.js:380:58
receiveMessage@resource://devtools/shared/transport/child-transport.js:66:16
Line: 659, column: 0
console.error: ({})
JavaScript error: resource://devtools/shared/DevToolsUtils.js, line 659: NS_ERROR_NOT_AVAILABLE: Failed to open input source 'javascript:false;'
1619370929192	geckodriver	INFO	Listening on 127.0.0.1:40029
1619370929197	mozrunner::runner	INFO	Running command: "/usr/bin/firefox" "--marionette" "user-agent=Mozila/5.0 (X11; Ubuntu; Linux x86_64; rv:84.0) Gecko/20100101 Firefox/84.0" "-foreground" "-no-remote" "-profile" "/tmp/rust_mozprofileFcATed"
1619370933910	Marionette	INFO	Listening on port 33567
1619370934018	Marionette	WARN	TLS certificate errors will be ignored for this session
Log warning: The log 'Services.Common.RESTRequest' is configured to use the preference 'services.common.log.logger.rest.request' - you must adjust the level by setting this preference, not by using the level setter
1619370958639	Marionette	INFO	Stopped listening on port 34117
JavaScript warning: https://portal.petrocollege.ru/_layouts/15/sp.ribbon.js?rev=1F3TSGFB5%2FyAaRkjYHJL5w%3D%3D, line 2: unreachable code after return statement
JavaScript warning: https://portal.petrocollege.ru/_layouts/15/sp.ribbon.js?rev=1F3TSGFB5%2FyAaRkjYHJL5w%3D%3D, line 2: unreachable code after return statement
console.error: "Store does not have a valid reducer. Make sure the argument passed to combineReducers is an object whose values are reducers."
SourceActor threw an exception: [Exception... "Failed to open input source 'javascript:false;'"  nsresult: "0x80040111 (NS_ERROR_NOT_AVAILABLE)"  location: "JS frame :: resource://devtools/shared/DevToolsUtils.js :: mainThreadFetch/< :: line 659"  data: yes]
Stack: mainThreadFetch/<@resource://devtools/shared/DevToolsUtils.js:659:15
mainThreadFetch@resource://devtools/shared/DevToolsUtils.js:509:10
_fetchURLContents@resource://devtools/server/actors/utils/TabSources.js:580:22
urlContents@resource://devtools/server/actors/utils/TabSources.js:547:17
_resurrectSource@resource://devtools/server/actors/thread.js:1998:69
addAllSources@resource://devtools/server/actors/thread.js:1382:14
onSources@resource://devtools/server/actors/thread.js:1388:10
onPacket@resource://devtools/server/devtools-server-connection.js:380:58
receiveMessage@resource://devtools/shared/transport/child-transport.js:66:16
Line: 659, column: 0
console.error: ({})
JavaScript error: resource://devtools/shared/DevToolsUtils.js, line 659: NS_ERROR_NOT_AVAILABLE: Failed to open input source 'javascript:false;'
1619371356955	geckodriver	INFO	Listening on 127.0.0.1:34135
1619371356959	mozrunner::runner	INFO	Running command: "/usr/bin/firefox" "--marionette" "user-agent=Mozila/5.0 (X11; Ubuntu; Linux x86_64; rv:84.0) Gecko/20100101 Firefox/84.0" "-foreground" "-no-remote" "-profile" "/tmp/rust_mozprofile6Uesbn"
1619371361787	Marionette	INFO	Listening on port 35203
1619371361871	Marionette	WARN	TLS certificate errors will be ignored for this session
Log warning: The log 'Services.Common.RESTRequest' is configured to use the preference 'services.common.log.logger.rest.request' - you must adjust the level by setting this preference, not by using the level setter
JavaScript warning: https://portal.petrocollege.ru/_layouts/15/sp.ribbon.js?rev=1F3TSGFB5%2FyAaRkjYHJL5w%3D%3D, line 2: unreachable code after return statement
JavaScript warning: https://portal.petrocollege.ru/_layouts/15/sp.ribbon.js?rev=1F3TSGFB5%2FyAaRkjYHJL5w%3D%3D, line 2: unreachable code after return statement
1619372377840	Marionette	INFO	Stopped listening on port 35203
1619372476076	geckodriver	INFO	Listening on 127.0.0.1:35817
1619372476081	mozrunner::runner	INFO	Running command: "/usr/bin/firefox" "--marionette" "user-agent=Mozila/5.0 (X11; Ubuntu; Linux x86_64; rv:84.0) Gecko/20100101 Firefox/84.0" "-foreground" "-no-remote" "-profile" "/tmp/rust_mozprofilex7jDII"
1619372480490	Marionette	INFO	Listening on port 46837
1619372480592	Marionette	WARN	TLS certificate errors will be ignored for this session
Log warning: The log 'Services.Common.RESTRequest' is configured to use the preference 'services.common.log.logger.rest.request' - you must adjust the level by setting this preference, not by using the level setter
JavaScript warning: https://portal.petrocollege.ru/_layouts/15/sp.ribbon.js?rev=1F3TSGFB5%2FyAaRkjYHJL5w%3D%3D, line 2: unreachable code after return statement
JavaScript warning: https://portal.petrocollege.ru/_layouts/15/sp.ribbon.js?rev=1F3TSGFB5%2FyAaRkjYHJL5w%3D%3D, line 2: unreachable code after return statement
1619372607278	geckodriver	INFO	Listening on 127.0.0.1:41005
1619372607283	mozrunner::runner	INFO	Running command: "/usr/bin/firefox" "--marionette" "user-agent=Mozila/5.0 (X11; Ubuntu; Linux x86_64; rv:84.0) Gecko/20100101 Firefox/84.0" "-foreground" "-no-remote" "-profile" "/tmp/rust_mozprofileAtAvwQ"
1619372611763	Marionette	INFO	Listening on port 39287
1619372611793	Marionette	WARN	TLS certificate errors will be ignored for this session
Log warning: The log 'Services.Common.RESTRequest' is configured to use the preference 'services.common.log.logger.rest.request' - you must adjust the level by setting this preference, not by using the level setter
JavaScript warning: https://portal.petrocollege.ru/_layouts/15/sp.ribbon.js?rev=1F3TSGFB5%2FyAaRkjYHJL5w%3D%3D, line 2: unreachable code after return statement
JavaScript warning: https://portal.petrocollege.ru/_layouts/15/sp.ribbon.js?rev=1F3TSGFB5%2FyAaRkjYHJL5w%3D%3D, line 2: unreachable code after return statement
console.warn: LoginRecipes: "getRecipes: falling back to a synchronous message for:" "https://portal.petrocollege.ru"
JavaScript error: resource://gre/modules/LoginManagerParent.jsm, line 119: TypeError: gRecipeManager is null
console.warn: LoginRecipes: "getRecipes: falling back to a synchronous message for:" "https://portal.petrocollege.ru"
JavaScript error: resource://gre/modules/LoginManagerParent.jsm, line 119: TypeError: gRecipeManager is null
console.warn: LoginRecipes: "getRecipes: falling back to a synchronous message for:" "https://portal.petrocollege.ru"
JavaScript error: resource://gre/modules/LoginManagerParent.jsm, line 119: TypeError: gRecipeManager is null
console.warn: LoginRecipes: "getRecipes: falling back to a synchronous message for:" "https://portal.petrocollege.ru"
JavaScript error: resource://gre/modules/LoginManagerParent.jsm, line 119: TypeError: gRecipeManager is null
JavaScript warning: https://portal.petrocollege.ru/_layouts/15/sp.ribbon.js?rev=1F3TSGFB5%2FyAaRkjYHJL5w%3D%3D, line 2: unreachable code after return statement
JavaScript warning: https://portal.petrocollege.ru/_layouts/15/sp.ribbon.js?rev=1F3TSGFB5%2FyAaRkjYHJL5w%3D%3D, line 2: unreachable code after return statement
console.error: "Store does not have a valid reducer. Make sure the argument passed to combineReducers is an object whose values are reducers."
SourceActor threw an exception: [Exception... "Failed to open input source 'javascript:false;'"  nsresult: "0x80040111 (NS_ERROR_NOT_AVAILABLE)"  location: "JS frame :: resource://devtools/shared/DevToolsUtils.js :: mainThreadFetch/< :: line 659"  data: yes]
Stack: mainThreadFetch/<@resource://devtools/shared/DevToolsUtils.js:659:15
mainThreadFetch@resource://devtools/shared/DevToolsUtils.js:509:10
_fetchURLContents@resource://devtools/server/actors/utils/TabSources.js:580:22
urlContents@resource://devtools/server/actors/utils/TabSources.js:547:17
_resurrectSource@resource://devtools/server/actors/thread.js:1998:69
addAllSources@resource://devtools/server/actors/thread.js:1382:14
onSources@resource://devtools/server/actors/thread.js:1388:10
onPacket@resource://devtools/server/devtools-server-connection.js:380:58
receiveMessage@resource://devtools/shared/transport/child-transport.js:66:16
Line: 659, column: 0
console.error: ({})
JavaScript error: resource://devtools/shared/DevToolsUtils.js, line 659: NS_ERROR_NOT_AVAILABLE: Failed to open input source 'javascript:false;'
console.error: "Error writing request: getGrids"
1619372923770	geckodriver	INFO	Listening on 127.0.0.1:51105
1619372923774	mozrunner::runner	INFO	Running command: "/usr/bin/firefox" "--marionette" "user-agent=Mozila/5.0 (X11; Ubuntu; Linux x86_64; rv:84.0) Gecko/20100101 Firefox/84.0" "-foreground" "-no-remote" "-profile" "/tmp/rust_mozprofileuz7gkh"
JavaScript error: chrome://browser/content/browser-customization.js, line 172: NS_ERROR_NOT_INITIALIZED: 
1619372928572	Marionette	INFO	Listening on port 40545
1619372928587	Marionette	WARN	TLS certificate errors will be ignored for this session
1619372929318	Marionette	INFO	Stopped listening on port 46837
JavaScript error: chrome://browser/content/browser-customization.js, line 172: NS_ERROR_NOT_INITIALIZED: 
1619372931680	Marionette	INFO	Stopped listening on port 39287
1619372933937	Marionette	INFO	Stopped listening on port 33567
Log warning: The log 'Services.Common.RESTRequest' is configured to use the preference 'services.common.log.logger.rest.request' - you must adjust the level by setting this preference, not by using the level setter
JavaScript warning: https://portal.petrocollege.ru/_layouts/15/sp.ribbon.js?rev=1F3TSGFB5%2FyAaRkjYHJL5w%3D%3D, line 2: unreachable code after return statement
JavaScript warning: https://portal.petrocollege.ru/_layouts/15/sp.ribbon.js?rev=1F3TSGFB5%2FyAaRkjYHJL5w%3D%3D, line 2: unreachable code after return statement
1619373091366	Marionette	INFO	Stopped listening on port 40545
1619373092995	geckodriver	INFO	Listening on 127.0.0.1:45843
1619373092999	mozrunner::runner	INFO	Running command: "/usr/bin/firefox" "--marionette" "user-agent=Mozila/5.0 (X11; Ubuntu; Linux x86_64; rv:84.0) Gecko/20100101 Firefox/84.0" "-foreground" "-no-remote" "-profile" "/tmp/rust_mozprofilewDYhcF"
1619373097388	Marionette	INFO	Listening on port 42783
1619373097418	Marionette	WARN	TLS certificate errors will be ignored for this session
Log warning: The log 'Services.Common.RESTRequest' is configured to use the preference 'services.common.log.logger.rest.request' - you must adjust the level by setting this preference, not by using the level setter
JavaScript warning: https://portal.petrocollege.ru/_layouts/15/sp.ribbon.js?rev=1F3TSGFB5%2FyAaRkjYHJL5w%3D%3D, line 2: unreachable code after return statement
JavaScript warning: https://portal.petrocollege.ru/_layouts/15/sp.ribbon.js?rev=1F3TSGFB5%2FyAaRkjYHJL5w%3D%3D, line 2: unreachable code after return statement
console.error: "Store does not have a valid reducer. Make sure the argument passed to combineReducers is an object whose values are reducers."
SourceActor threw an exception: [Exception... "Failed to open input source 'javascript:false;'"  nsresult: "0x80040111 (NS_ERROR_NOT_AVAILABLE)"  location: "JS frame :: resource://devtools/shared/DevToolsUtils.js :: mainThreadFetch/< :: line 659"  data: yes]
Stack: mainThreadFetch/<@resource://devtools/shared/DevToolsUtils.js:659:15
mainThreadFetch@resource://devtools/shared/DevToolsUtils.js:509:10
_fetchURLContents@resource://devtools/server/actors/utils/TabSources.js:580:22
urlContents@resource://devtools/server/actors/utils/TabSources.js:547:17
_resurrectSource@resource://devtools/server/actors/thread.js:1998:69
addAllSources@resource://devtools/server/actors/thread.js:1382:14
onSources@resource://devtools/server/actors/thread.js:1388:10
onPacket@resource://devtools/server/devtools-server-connection.js:380:58
receiveMessage@resource://devtools/shared/transport/child-transport.js:66:16
Line: 659, column: 0
console.error: ({})
JavaScript error: resource://devtools/shared/DevToolsUtils.js, line 659: NS_ERROR_NOT_AVAILABLE: Failed to open input source 'javascript:false;'
1619373301007	geckodriver	INFO	Listening on 127.0.0.1:49611
1619373301012	mozrunner::runner	INFO	Running command: "/usr/bin/firefox" "--marionette" "user-agent=Mozila/5.0 (X11; Ubuntu; Linux x86_64; rv:84.0) Gecko/20100101 Firefox/84.0" "-foreground" "-no-remote" "-profile" "/tmp/rust_mozprofileR0yD22"
1619373305338	Marionette	INFO	Listening on port 36127
1619373305422	Marionette	WARN	TLS certificate errors will be ignored for this session
Log warning: The log 'Services.Common.RESTRequest' is configured to use the preference 'services.common.log.logger.rest.request' - you must adjust the level by setting this preference, not by using the level setter
JavaScript warning: https://portal.petrocollege.ru/_layouts/15/sp.ribbon.js?rev=1F3TSGFB5%2FyAaRkjYHJL5w%3D%3D, line 2: unreachable code after return statement
JavaScript warning: https://portal.petrocollege.ru/_layouts/15/sp.ribbon.js?rev=1F3TSGFB5%2FyAaRkjYHJL5w%3D%3D, line 2: unreachable code after return statement
JavaScript warning: https://portal.petrocollege.ru/_layouts/15/sp.ribbon.js?rev=1F3TSGFB5%2FyAaRkjYHJL5w%3D%3D, line 2: unreachable code after return statement
console.error: "Store does not have a valid reducer. Make sure the argument passed to combineReducers is an object whose values are reducers."
SourceActor threw an exception: [Exception... "Failed to open input source 'javascript:false;'"  nsresult: "0x80040111 (NS_ERROR_NOT_AVAILABLE)"  location: "JS frame :: resource://devtools/shared/DevToolsUtils.js :: mainThreadFetch/< :: line 659"  data: yes]
Stack: mainThreadFetch/<@resource://devtools/shared/DevToolsUtils.js:659:15
mainThreadFetch@resource://devtools/shared/DevToolsUtils.js:509:10
_fetchURLContents@resource://devtools/server/actors/utils/TabSources.js:580:22
urlContents@resource://devtools/server/actors/utils/TabSources.js:547:17
_resurrectSource@resource://devtools/server/actors/thread.js:1998:69
addAllSources@resource://devtools/server/actors/thread.js:1382:14
onSources@resource://devtools/server/actors/thread.js:1388:10
onPacket@resource://devtools/server/devtools-server-connection.js:380:58
receiveMessage@resource://devtools/shared/transport/child-transport.js:66:16
Line: 659, column: 0
console.error: ({})
JavaScript error: resource://devtools/shared/DevToolsUtils.js, line 659: NS_ERROR_NOT_AVAILABLE: Failed to open input source 'javascript:false;'
1619373450050	Marionette	INFO	Stopped listening on port 36127
1619373452207	Marionette	INFO	Stopped listening on port 42783
1619373454858	geckodriver	INFO	Listening on 127.0.0.1:34653
1619373454863	mozrunner::runner	INFO	Running command: "/usr/bin/firefox" "--marionette" "user-agent=Mozila/5.0 (X11; Ubuntu; Linux x86_64; rv:84.0) Gecko/20100101 Firefox/84.0" "-foreground" "-no-remote" "-profile" "/tmp/rust_mozprofiled42Fzk"
1619373459337	Marionette	INFO	Listening on port 35867
1619373459463	Marionette	WARN	TLS certificate errors will be ignored for this session
Log warning: The log 'Services.Common.RESTRequest' is configured to use the preference 'services.common.log.logger.rest.request' - you must adjust the level by setting this preference, not by using the level setter
JavaScript warning: https://portal.petrocollege.ru/_layouts/15/sp.ribbon.js?rev=1F3TSGFB5%2FyAaRkjYHJL5w%3D%3D, line 2: unreachable code after return statement
JavaScript warning: https://portal.petrocollege.ru/_layouts/15/sp.ribbon.js?rev=1F3TSGFB5%2FyAaRkjYHJL5w%3D%3D, line 2: unreachable code after return statement
JavaScript warning: https://portal.petrocollege.ru/_layouts/15/sp.ribbon.js?rev=1F3TSGFB5%2FyAaRkjYHJL5w%3D%3D, line 2: unreachable code after return statement
1619373712184	Marionette	INFO	Stopped listening on port 35867
1619373712744	geckodriver	INFO	Listening on 127.0.0.1:46101
1619373712749	mozrunner::runner	INFO	Running command: "/usr/bin/firefox" "--marionette" "user-agent=Mozila/5.0 (X11; Ubuntu; Linux x86_64; rv:84.0) Gecko/20100101 Firefox/84.0" "-foreground" "-no-remote" "-profile" "/tmp/rust_mozprofileiuQoSJ"
1619373717376	Marionette	INFO	Listening on port 39483
1619373717471	Marionette	WARN	TLS certificate errors will be ignored for this session
Log warning: The log 'Services.Common.RESTRequest' is configured to use the preference 'services.common.log.logger.rest.request' - you must adjust the level by setting this preference, not by using the level setter
JavaScript warning: https://portal.petrocollege.ru/_layouts/15/sp.ribbon.js?rev=1F3TSGFB5%2FyAaRkjYHJL5w%3D%3D, line 2: unreachable code after return statement
JavaScript warning: https://portal.petrocollege.ru/_layouts/15/sp.ribbon.js?rev=1F3TSGFB5%2FyAaRkjYHJL5w%3D%3D, line 2: unreachable code after return statement
JavaScript warning: https://portal.petrocollege.ru/_layouts/15/sp.ribbon.js?rev=1F3TSGFB5%2FyAaRkjYHJL5w%3D%3D, line 2: unreachable code after return statement
JavaScript warning: https://portal.petrocollege.ru/_layouts/15/sp.ribbon.js?rev=1F3TSGFB5%2FyAaRkjYHJL5w%3D%3D, line 2: unreachable code after return statement
1619373818425	Marionette	INFO	Stopped listening on port 39483
1619376380135	geckodriver	INFO	Listening on 127.0.0.1:34241
1619376380139	mozrunner::runner	INFO	Running command: "/usr/bin/firefox" "--marionette" "user-agent=Mozila/5.0 (X11; Ubuntu; Linux x86_64; rv:84.0) Gecko/20100101 Firefox/84.0" "-foreground" "-no-remote" "-profile" "/tmp/rust_mozprofiledVBfBi"
1619376384830	Marionette	INFO	Listening on port 38425
1619376384851	Marionette	WARN	TLS certificate errors will be ignored for this session
Log warning: The log 'Services.Common.RESTRequest' is configured to use the preference 'services.common.log.logger.rest.request' - you must adjust the level by setting this preference, not by using the level setter
JavaScript warning: https://portal.petrocollege.ru/_layouts/15/sp.ribbon.js?rev=1F3TSGFB5%2FyAaRkjYHJL5w%3D%3D, line 2: unreachable code after return statement
Exiting due to channel error.
Exiting due to channel error.
Exiting due to channel error.
1619376451558	geckodriver	INFO	Listening on 127.0.0.1:46755
1619376451562	mozrunner::runner	INFO	Running command: "/usr/bin/firefox" "--marionette" "user-agent=Mozila/5.0 (X11; Ubuntu; Linux x86_64; rv:84.0) Gecko/20100101 Firefox/84.0" "-foreground" "-no-remote" "-profile" "/tmp/rust_mozprofilerduJFu"
1619376455936	Marionette	INFO	Listening on port 44709
1619376455999	Marionette	WARN	TLS certificate errors will be ignored for this session
Log warning: The log 'Services.Common.RESTRequest' is configured to use the preference 'services.common.log.logger.rest.request' - you must adjust the level by setting this preference, not by using the level setter
JavaScript warning: https://portal.petrocollege.ru/_layouts/15/sp.ribbon.js?rev=1F3TSGFB5%2FyAaRkjYHJL5w%3D%3D, line 2: unreachable code after return statement
JavaScript warning: https://portal.petrocollege.ru/_layouts/15/sp.ribbon.js?rev=1F3TSGFB5%2FyAaRkjYHJL5w%3D%3D, line 2: unreachable code after return statement
Exiting due to channel error.
Exiting due to channel error.
Exiting due to channel error.
1619376558604	geckodriver	INFO	Listening on 127.0.0.1:38183
1619376558609	mozrunner::runner	INFO	Running command: "/usr/bin/firefox" "--marionette" "user-agent=Mozila/5.0 (X11; Ubuntu; Linux x86_64; rv:84.0) Gecko/20100101 Firefox/84.0" "-foreground" "-no-remote" "-profile" "/tmp/rust_mozprofileYGs7yv"
1619376562954	Marionette	INFO	Listening on port 37147
1619376563022	Marionette	WARN	TLS certificate errors will be ignored for this session
Log warning: The log 'Services.Common.RESTRequest' is configured to use the preference 'services.common.log.logger.rest.request' - you must adjust the level by setting this preference, not by using the level setter
JavaScript warning: https://portal.petrocollege.ru/_layouts/15/sp.ribbon.js?rev=1F3TSGFB5%2FyAaRkjYHJL5w%3D%3D, line 2: unreachable code after return statement
1619376631896	geckodriver	INFO	Listening on 127.0.0.1:49137
1619376631901	mozrunner::runner	INFO	Running command: "/usr/bin/firefox" "--marionette" "user-agent=Mozila/5.0 (X11; Ubuntu; Linux x86_64; rv:84.0) Gecko/20100101 Firefox/84.0" "-foreground" "-no-remote" "-profile" "/tmp/rust_mozprofileft1uB9"
1619376636586	Marionette	INFO	Listening on port 39703
1619376636624	Marionette	WARN	TLS certificate errors will be ignored for this session
Log warning: The log 'Services.Common.RESTRequest' is configured to use the preference 'services.common.log.logger.rest.request' - you must adjust the level by setting this preference, not by using the level setter
JavaScript warning: https://portal.petrocollege.ru/_layouts/15/sp.ribbon.js?rev=1F3TSGFB5%2FyAaRkjYHJL5w%3D%3D, line 2: unreachable code after return statement
Exiting due to channel error.
Exiting due to channel error.
Exiting due to channel error.
1619459699094	geckodriver	INFO	Listening on 127.0.0.1:32947
1619459700074	mozrunner::runner	INFO	Running command: "/usr/bin/firefox" "--marionette" "user-agent=Mozila/5.0 (X11; Ubuntu; Linux x86_64; rv:84.0) Gecko/20100101 Firefox/84.0" "-foreground" "-no-remote" "-profile" "/tmp/rust_mozprofileqBRGQw"
1619459705874	Marionette	INFO	Listening on port 43003
1619459705903	Marionette	WARN	TLS certificate errors will be ignored for this session
Exiting due to channel error.
Exiting due to channel error.
Exiting due to channel error.
1619459744956	geckodriver	INFO	Listening on 127.0.0.1:34345
1619459744962	mozrunner::runner	INFO	Running command: "/usr/bin/firefox" "--marionette" "user-agent=Mozila/5.0 (X11; Ubuntu; Linux x86_64; rv:84.0) Gecko/20100101 Firefox/84.0" "-foreground" "-no-remote" "-profile" "/tmp/rust_mozprofilelX9zZL"
1619459749372	Marionette	INFO	Listening on port 34443
1619459749475	Marionette	WARN	TLS certificate errors will be ignored for this session
1619459761548	FirefoxAccounts	ERROR	FxA rejecting with error UNVERIFIED_ACCOUNT, details: undefined
console.info: "Skipping device list refresh; not signed in"
1619459761553	FirefoxAccounts	ERROR	Background refresh of initial profile failed: Error: UNVERIFIED_ACCOUNT(resource://gre/modules/FxAccounts.jsm:1856:18) JS Stack trace: _error@FxAccounts.jsm:1856:18
withVerifiedAccountState/<@FxAccounts.jsm:853:20
1619459761555	FirefoxAccounts	ERROR	FxA rejecting with error UNVERIFIED_ACCOUNT, details: undefined
1619459761555	FirefoxAccounts	ERROR	Background refresh of initial profile failed: Error: UNVERIFIED_ACCOUNT(resource://gre/modules/FxAccounts.jsm:1856:18) JS Stack trace: _error@FxAccounts.jsm:1856:18
withVerifiedAccountState/<@FxAccounts.jsm:853:20
Log warning: The log 'Services.Common.RESTRequest' is configured to use the preference 'services.common.log.logger.rest.request' - you must adjust the level by setting this preference, not by using the level setter
JavaScript warning: https://portal.petrocollege.ru/_layouts/15/sp.ribbon.js?rev=1F3TSGFB5%2FyAaRkjYHJL5w%3D%3D, line 2: unreachable code after return statement
JavaScript warning: https://portal.petrocollege.ru/_layouts/15/sp.ribbon.js?rev=1F3TSGFB5%2FyAaRkjYHJL5w%3D%3D, line 2: unreachable code after return statement
JavaScript warning: https://portal.petrocollege.ru/_layouts/15/sp.ribbon.js?rev=1F3TSGFB5%2FyAaRkjYHJL5w%3D%3D, line 2: unreachable code after return statement
1619459829823	Marionette	INFO	Stopped listening on port 34443
1619459834351	geckodriver	INFO	Listening on 127.0.0.1:45051
1619459834356	mozrunner::runner	INFO	Running command: "/usr/bin/firefox" "--marionette" "user-agent=Mozila/5.0 (X11; Ubuntu; Linux x86_64; rv:84.0) Gecko/20100101 Firefox/84.0" "-foreground" "-no-remote" "-profile" "/tmp/rust_mozprofileUdUkhN"
1619459838753	Marionette	INFO	Listening on port 43391
1619459838771	Marionette	WARN	TLS certificate errors will be ignored for this session
Exiting due to channel error.
Exiting due to channel error.
Exiting due to channel error.
1619465341810	geckodriver	INFO	Listening on 127.0.0.1:41339
1619465341814	mozrunner::runner	INFO	Running command: "/usr/bin/firefox" "--marionette" "user-agent=Mozila/5.0 (X11; Ubuntu; Linux x86_64; rv:84.0) Gecko/20100101 Firefox/84.0" "-foreground" "-no-remote" "-profile" "/tmp/rust_mozprofileTWkaFP"
1619465346334	Marionette	INFO	Listening on port 34373
1619465346427	Marionette	WARN	TLS certificate errors will be ignored for this session
1619465352055	Marionette	INFO	Stopped listening on port 34373
1619466923061	geckodriver	INFO	Listening on 127.0.0.1:59115
1619466923065	mozrunner::runner	INFO	Running command: "/usr/bin/firefox" "--marionette" "user-agent=Mozila/5.0 (X11; Ubuntu; Linux x86_64; rv:84.0) Gecko/20100101 Firefox/84.0" "-foreground" "-no-remote" "-profile" "/tmp/rust_mozprofileKKXeiM"
1619466927761	Marionette	INFO	Listening on port 41201
1619466927775	Marionette	WARN	TLS certificate errors will be ignored for this session
Exiting due to channel error.
Exiting due to channel error.
Exiting due to channel error.
1619467201046	geckodriver	INFO	Listening on 127.0.0.1:34807
1619467201050	mozrunner::runner	INFO	Running command: "/usr/bin/firefox" "--marionette" "user-agent=Mozila/5.0 (X11; Ubuntu; Linux x86_64; rv:84.0) Gecko/20100101 Firefox/84.0" "-foreground" "-no-remote" "-profile" "/tmp/rust_mozprofilexbzUa1"
1619467205671	Marionette	INFO	Listening on port 40473
1619467205762	Marionette	WARN	TLS certificate errors will be ignored for this session

###!!! [Child][MessageChannel] Error: (msgtype=0x5B000D,name=PHttpChannel::Msg_DeletingChannel) Channel closing: too late to send/recv, messages will be lost


###!!! [Child][MessageChannel] Error: (msgtype=0x5B000D,name=PHttpChannel::Msg_DeletingChannel) Channel closing: too late to send/recv, messages will be lost


###!!! [Child][MessageChannel] Error: (msgtype=0x5B000D,name=PHttpChannel::Msg_DeletingChannel) Channel closing: too late to send/recv, messages will be lost

console.error: services.settings: 
  main/fxmonitor-breaches Signature failed  TypeError: NetworkError when attempting to fetch resource.
console.error: services.settings: 
  main/cfr-fxa Signature failed  TypeError: NetworkError when attempting to fetch resource.
1619467208905	Marionette	INFO	Stopped listening on port 40473
1619632190562	geckodriver	INFO	Listening on 127.0.0.1:38775
1619632191528	mozrunner::runner	INFO	Running command: "/usr/bin/firefox" "--marionette" "user-agent=Mozila/5.0 (X11; Ubuntu; Linux x86_64; rv:84.0) Gecko/20100101 Firefox/84.0" "-foreground" "-no-remote" "-profile" "/tmp/rust_mozprofilecs6swJ"
1619632197178	Marionette	INFO	Listening on port 37085
1619632197314	Marionette	WARN	TLS certificate errors will be ignored for this session
1619632198526	Marionette	ERROR	[20] No reply from Marionette:Register
JavaScript error: resource://gre/modules/UrlClassifierListManager.jsm, line 691: TypeError: this.tablesData[table] is undefined
1619632200435	Marionette	INFO	Stopped listening on port 37085
1619632203248	geckodriver	INFO	Listening on 127.0.0.1:50361
1619632203253	mozrunner::runner	INFO	Running command: "/usr/bin/firefox" "--marionette" "user-agent=Mozila/5.0 (X11; Ubuntu; Linux x86_64; rv:84.0) Gecko/20100101 Firefox/84.0" "-foreground" "-no-remote" "-profile" "/tmp/rust_mozprofileryQrAx"
1619632208095	Marionette	INFO	Listening on port 40579
1619632208171	Marionette	WARN	TLS certificate errors will be ignored for this session
1619632250628	Marionette	INFO	Stopped listening on port 40579
1619632709532	geckodriver	INFO	Listening on 127.0.0.1:37915
1619632709536	mozrunner::runner	INFO	Running command: "/usr/bin/firefox" "--marionette" "user-agent=Mozila/5.0 (X11; Ubuntu; Linux x86_64; rv:84.0) Gecko/20100101 Firefox/84.0" "-foreground" "-no-remote" "-profile" "/tmp/rust_mozprofilemB2d6U"
1619632714618	Marionette	INFO	Listening on port 35219
1619632714654	Marionette	WARN	TLS certificate errors will be ignored for this session
1619632735006	FirefoxAccounts	ERROR	FxA rejecting with error UNVERIFIED_ACCOUNT, details: undefined
console.info: "Skipping device list refresh; not signed in"
1619632735011	FirefoxAccounts	ERROR	Background refresh of initial profile failed: Error: UNVERIFIED_ACCOUNT(resource://gre/modules/FxAccounts.jsm:1856:18) JS Stack trace: _error@FxAccounts.jsm:1856:18
withVerifiedAccountState/<@FxAccounts.jsm:853:20
1619632735011	FirefoxAccounts	ERROR	FxA rejecting with error UNVERIFIED_ACCOUNT, details: undefined
1619632735012	FirefoxAccounts	ERROR	Background refresh of initial profile failed: Error: UNVERIFIED_ACCOUNT(resource://gre/modules/FxAccounts.jsm:1856:18) JS Stack trace: _error@FxAccounts.jsm:1856:18
withVerifiedAccountState/<@FxAccounts.jsm:853:20
Log warning: The log 'Services.Common.RESTRequest' is configured to use the preference 'services.common.log.logger.rest.request' - you must adjust the level by setting this preference, not by using the level setter
JavaScript warning: https://portal.petrocollege.ru/_layouts/15/sp.ribbon.js?rev=1F3TSGFB5%2FyAaRkjYHJL5w%3D%3D, line 2: unreachable code after return statement
JavaScript warning: https://portal.petrocollege.ru/_layouts/15/sp.ribbon.js?rev=1F3TSGFB5%2FyAaRkjYHJL5w%3D%3D, line 2: unreachable code after return statement
JavaScript warning: https://portal.petrocollege.ru/_layouts/15/sp.ribbon.js?rev=1F3TSGFB5%2FyAaRkjYHJL5w%3D%3D, line 2: unreachable code after return statement
1619632810119	Marionette	INFO	Stopped listening on port 35219
1619633231334	geckodriver	INFO	Listening on 127.0.0.1:48005
1619633231340	mozrunner::runner	INFO	Running command: "/usr/bin/firefox" "--marionette" "user-agent=Mozila/5.0 (X11; Ubuntu; Linux x86_64; rv:84.0) Gecko/20100101 Firefox/84.0" "-foreground" "-no-remote" "-profile" "/tmp/rust_mozprofilesSBdZL"
1619633235689	Marionette	INFO	Listening on port 44565
1619633235815	Marionette	WARN	TLS certificate errors will be ignored for this session
Log warning: The log 'Services.Common.RESTRequest' is configured to use the preference 'services.common.log.logger.rest.request' - you must adjust the level by setting this preference, not by using the level setter
JavaScript warning: https://portal.petrocollege.ru/_layouts/15/sp.ribbon.js?rev=1F3TSGFB5%2FyAaRkjYHJL5w%3D%3D, line 2: unreachable code after return statement
JavaScript warning: https://portal.petrocollege.ru/_layouts/15/sp.ribbon.js?rev=1F3TSGFB5%2FyAaRkjYHJL5w%3D%3D, line 2: unreachable code after return statement
JavaScript warning: https://portal.petrocollege.ru/_layouts/15/sp.ribbon.js?rev=1F3TSGFB5%2FyAaRkjYHJL5w%3D%3D, line 2: unreachable code after return statement
1619633315473	Marionette	INFO	Stopped listening on port 44565
1619633367899	geckodriver	INFO	Listening on 127.0.0.1:51349
1619633367903	mozrunner::runner	INFO	Running command: "/usr/bin/firefox" "--marionette" "user-agent=Mozila/5.0 (X11; Ubuntu; Linux x86_64; rv:84.0) Gecko/20100101 Firefox/84.0" "-foreground" "-no-remote" "-profile" "/tmp/rust_mozprofile4yjlOk"
1619633372620	Marionette	INFO	Listening on port 41277
1619633372770	Marionette	WARN	TLS certificate errors will be ignored for this session
Log warning: The log 'Services.Common.RESTRequest' is configured to use the preference 'services.common.log.logger.rest.request' - you must adjust the level by setting this preference, not by using the level setter
1619633527887	geckodriver	INFO	Listening on 127.0.0.1:58013
1619633527892	mozrunner::runner	INFO	Running command: "/usr/bin/firefox" "--marionette" "user-agent=Mozila/5.0 (X11; Ubuntu; Linux x86_64; rv:84.0) Gecko/20100101 Firefox/84.0" "-foreground" "-no-remote" "-profile" "/tmp/rust_mozprofileJobci1"
1619633568716	geckodriver	INFO	Listening on 127.0.0.1:48071
1619633568720	mozrunner::runner	INFO	Running command: "/usr/bin/firefox" "--marionette" "user-agent=Mozila/5.0 (X11; Ubuntu; Linux x86_64; rv:84.0) Gecko/20100101 Firefox/84.0" "-foreground" "-no-remote" "-profile" "/tmp/rust_mozprofilepdzygc"
1619633573359	Marionette	INFO	Listening on port 36211
1619633573435	Marionette	WARN	TLS certificate errors will be ignored for this session
Log warning: The log 'Services.Common.RESTRequest' is configured to use the preference 'services.common.log.logger.rest.request' - you must adjust the level by setting this preference, not by using the level setter
JavaScript warning: https://portal.petrocollege.ru/_layouts/15/sp.ribbon.js?rev=1F3TSGFB5%2FyAaRkjYHJL5w%3D%3D, line 2: unreachable code after return statement
JavaScript warning: https://portal.petrocollege.ru/_layouts/15/sp.ribbon.js?rev=1F3TSGFB5%2FyAaRkjYHJL5w%3D%3D, line 2: unreachable code after return statement
JavaScript warning: https://portal.petrocollege.ru/_layouts/15/sp.ribbon.js?rev=1F3TSGFB5%2FyAaRkjYHJL5w%3D%3D, line 2: unreachable code after return statement
JavaScript warning: https://portal.petrocollege.ru/_layouts/15/sp.ribbon.js?rev=1F3TSGFB5%2FyAaRkjYHJL5w%3D%3D, line 2: unreachable code after return statement
1619633658071	Marionette	INFO	Stopped listening on port 36211
1619633710854	geckodriver	INFO	Listening on 127.0.0.1:59321
1619633710859	mozrunner::runner	INFO	Running command: "/usr/bin/firefox" "--marionette" "user-agent=Mozila/5.0 (X11; Ubuntu; Linux x86_64; rv:84.0) Gecko/20100101 Firefox/84.0" "-foreground" "-no-remote" "-profile" "/tmp/rust_mozprofilelXmCOA"
1619633715603	Marionette	INFO	Listening on port 41841
1619633715670	Marionette	WARN	TLS certificate errors will be ignored for this session
JavaScript error: resource://gre/modules/UrlClassifierListManager.jsm, line 691: TypeError: this.tablesData[table] is undefined
1619633774600	geckodriver	INFO	Listening on 127.0.0.1:51795
1619633774605	mozrunner::runner	INFO	Running command: "/usr/bin/firefox" "--marionette" "user-agent=Mozila/5.0 (X11; Ubuntu; Linux x86_64; rv:84.0) Gecko/20100101 Firefox/84.0" "-foreground" "-no-remote" "-profile" "/tmp/rust_mozprofile9DyLor"
1619633779304	Marionette	INFO	Listening on port 37653
1619633779319	Marionette	WARN	TLS certificate errors will be ignored for this session
Log warning: The log 'Services.Common.RESTRequest' is configured to use the preference 'services.common.log.logger.rest.request' - you must adjust the level by setting this preference, not by using the level setter
JavaScript warning: https://portal.petrocollege.ru/_layouts/15/sp.ribbon.js?rev=1F3TSGFB5%2FyAaRkjYHJL5w%3D%3D, line 2: unreachable code after return statement
JavaScript warning: https://portal.petrocollege.ru/_layouts/15/sp.ribbon.js?rev=1F3TSGFB5%2FyAaRkjYHJL5w%3D%3D, line 2: unreachable code after return statement
JavaScript warning: https://portal.petrocollege.ru/_layouts/15/sp.ribbon.js?rev=1F3TSGFB5%2FyAaRkjYHJL5w%3D%3D, line 2: unreachable code after return statement
JavaScript warning: https://portal.petrocollege.ru/_layouts/15/sp.ribbon.js?rev=1F3TSGFB5%2FyAaRkjYHJL5w%3D%3D, line 2: unreachable code after return statement
1619633877979	Marionette	INFO	Stopped listening on port 37653
JavaScript error: chrome://browser/content/browser-customization.js, line 172: NS_ERROR_NOT_INITIALIZED: 
1619634024341	Marionette	INFO	Stopped listening on port 41277
1619870390048	geckodriver	INFO	Listening on 127.0.0.1:55673
1619870391038	mozrunner::runner	INFO	Running command: "/usr/bin/firefox" "--marionette" "user-agent=Mozila/5.0 (X11; Ubuntu; Linux x86_64; rv:84.0) Gecko/20100101 Firefox/84.0" "-foreground" "-no-remote" "-profile" "/tmp/rust_mozprofileGlb5JC"
1619870396441	Marionette	INFO	Listening on port 40673
1619870396469	Marionette	WARN	TLS certificate errors will be ignored for this session
1619870440612	Marionette	INFO	Stopped listening on port 40673
1619870442441	geckodriver	INFO	Listening on 127.0.0.1:49491
1619870442447	mozrunner::runner	INFO	Running command: "/usr/bin/firefox" "--marionette" "user-agent=Mozila/5.0 (X11; Ubuntu; Linux x86_64; rv:84.0) Gecko/20100101 Firefox/84.0" "-foreground" "-no-remote" "-profile" "/tmp/rust_mozprofilevoqdmX"
1619870447044	Marionette	INFO	Listening on port 41245
1619870447058	Marionette	WARN	TLS certificate errors will be ignored for this session
1619870457922	FirefoxAccounts	ERROR	FxA rejecting with error UNVERIFIED_ACCOUNT, details: undefined
console.info: "Skipping device list refresh; not signed in"
1619870457926	FirefoxAccounts	ERROR	Background refresh of initial profile failed: Error: UNVERIFIED_ACCOUNT(resource://gre/modules/FxAccounts.jsm:1856:18) JS Stack trace: _error@FxAccounts.jsm:1856:18
withVerifiedAccountState/<@FxAccounts.jsm:853:20
1619870457928	FirefoxAccounts	ERROR	FxA rejecting with error UNVERIFIED_ACCOUNT, details: undefined
1619870457928	FirefoxAccounts	ERROR	Background refresh of initial profile failed: Error: UNVERIFIED_ACCOUNT(resource://gre/modules/FxAccounts.jsm:1856:18) JS Stack trace: _error@FxAccounts.jsm:1856:18
withVerifiedAccountState/<@FxAccounts.jsm:853:20
Log warning: The log 'Services.Common.RESTRequest' is configured to use the preference 'services.common.log.logger.rest.request' - you must adjust the level by setting this preference, not by using the level setter
JavaScript warning: https://portal.petrocollege.ru/_layouts/15/sp.ribbon.js?rev=1F3TSGFB5%2FyAaRkjYHJL5w%3D%3D, line 2: unreachable code after return statement
JavaScript warning: https://portal.petrocollege.ru/_layouts/15/sp.ribbon.js?rev=1F3TSGFB5%2FyAaRkjYHJL5w%3D%3D, line 2: unreachable code after return statement
1619870499633	Marionette	INFO	Stopped listening on port 41245
1619870695497	geckodriver	INFO	Listening on 127.0.0.1:55173
1619870695501	mozrunner::runner	INFO	Running command: "/usr/bin/firefox" "--marionette" "user-agent=Mozila/5.0 (X11; Ubuntu; Linux x86_64; rv:84.0) Gecko/20100101 Firefox/84.0" "-foreground" "-no-remote" "-profile" "/tmp/rust_mozprofile2APGPS"
1619870700140	Marionette	INFO	Listening on port 44423
1619870700214	Marionette	WARN	TLS certificate errors will be ignored for this session
Log warning: The log 'Services.Common.RESTRequest' is configured to use the preference 'services.common.log.logger.rest.request' - you must adjust the level by setting this preference, not by using the level setter
JavaScript warning: https://portal.petrocollege.ru/_layouts/15/sp.ribbon.js?rev=1F3TSGFB5%2FyAaRkjYHJL5w%3D%3D, line 2: unreachable code after return statement
JavaScript warning: https://portal.petrocollege.ru/_layouts/15/sp.ribbon.js?rev=1F3TSGFB5%2FyAaRkjYHJL5w%3D%3D, line 2: unreachable code after return statement
1619870753528	Marionette	INFO	Stopped listening on port 44423
JavaScript error: resource://gre/modules/UpdateTimerManager.jsm, line 352: TypeError: setting getter-only property "gLogEnabled"
JavaScript error: resource://gre/modules/ModulesPing.jsm, line 70: NS_ERROR_XPC_JAVASCRIPT_ERROR_WITH_DETAILS: [JavaScript Error: "setting getter-only property "gLogEnabled"" {file: "resource://gre/modules/UpdateTimerManager.jsm" line: 352}]'[JavaScript Error: "setting getter-only property "gLogEnabled"" {file: "resource://gre/modules/UpdateTimerManager.jsm" line: 352}]' when calling method: [nsIUpdateTimerManager::registerTimer]
1619870822179	geckodriver	INFO	Listening on 127.0.0.1:55325
1619870822185	mozrunner::runner	INFO	Running command: "/usr/bin/firefox" "--marionette" "user-agent=Mozila/5.0 (X11; Ubuntu; Linux x86_64; rv:84.0) Gecko/20100101 Firefox/84.0" "-foreground" "-no-remote" "-profile" "/tmp/rust_mozprofilekMjGl8"
1619870827213	Marionette	INFO	Listening on port 37977
1619870827318	Marionette	WARN	TLS certificate errors will be ignored for this session
Log warning: The log 'Services.Common.RESTRequest' is configured to use the preference 'services.common.log.logger.rest.request' - you must adjust the level by setting this preference, not by using the level setter
JavaScript warning: https://portal.petrocollege.ru/_layouts/15/sp.ribbon.js?rev=1F3TSGFB5%2FyAaRkjYHJL5w%3D%3D, line 2: unreachable code after return statement
JavaScript warning: https://portal.petrocollege.ru/_layouts/15/sp.ribbon.js?rev=1F3TSGFB5%2FyAaRkjYHJL5w%3D%3D, line 2: unreachable code after return statement
1619870879101	Marionette	INFO	Stopped listening on port 37977
1619870913254	geckodriver	INFO	Listening on 127.0.0.1:57215
1619870913258	mozrunner::runner	INFO	Running command: "/usr/bin/firefox" "--marionette" "user-agent=Mozila/5.0 (X11; Ubuntu; Linux x86_64; rv:84.0) Gecko/20100101 Firefox/84.0" "-foreground" "-no-remote" "-profile" "/tmp/rust_mozprofileYeCaVB"
1619870917792	Marionette	INFO	Listening on port 44817
1619870917925	Marionette	WARN	TLS certificate errors will be ignored for this session
Log warning: The log 'Services.Common.RESTRequest' is configured to use the preference 'services.common.log.logger.rest.request' - you must adjust the level by setting this preference, not by using the level setter
JavaScript warning: https://portal.petrocollege.ru/_layouts/15/sp.ribbon.js?rev=1F3TSGFB5%2FyAaRkjYHJL5w%3D%3D, line 2: unreachable code after return statement
JavaScript warning: https://portal.petrocollege.ru/_layouts/15/sp.ribbon.js?rev=1F3TSGFB5%2FyAaRkjYHJL5w%3D%3D, line 2: unreachable code after return statement
JavaScript warning: https://portal.petrocollege.ru/_layouts/15/sp.ribbon.js?rev=1F3TSGFB5%2FyAaRkjYHJL5w%3D%3D, line 2: unreachable code after return statement
JavaScript warning: https://portal.petrocollege.ru/_layouts/15/sp.ribbon.js?rev=1F3TSGFB5%2FyAaRkjYHJL5w%3D%3D, line 2: unreachable code after return statement
1619870990779	Marionette	INFO	Stopped listening on port 44817
1619871095642	geckodriver	INFO	Listening on 127.0.0.1:34077
1619871095647	mozrunner::runner	INFO	Running command: "/usr/bin/firefox" "--marionette" "user-agent=Mozila/5.0 (X11; Ubuntu; Linux x86_64; rv:84.0) Gecko/20100101 Firefox/84.0" "-foreground" "-no-remote" "-profile" "/tmp/rust_mozprofilev9rhQl"
1619871100309	Marionette	INFO	Listening on port 34901
1619871100362	Marionette	WARN	TLS certificate errors will be ignored for this session
Log warning: The log 'Services.Common.RESTRequest' is configured to use the preference 'services.common.log.logger.rest.request' - you must adjust the level by setting this preference, not by using the level setter
JavaScript warning: https://portal.petrocollege.ru/_layouts/15/sp.ribbon.js?rev=1F3TSGFB5%2FyAaRkjYHJL5w%3D%3D, line 2: unreachable code after return statement
JavaScript warning: https://portal.petrocollege.ru/_layouts/15/sp.ribbon.js?rev=1F3TSGFB5%2FyAaRkjYHJL5w%3D%3D, line 2: unreachable code after return statement
JavaScript warning: https://portal.petrocollege.ru/_layouts/15/sp.ribbon.js?rev=1F3TSGFB5%2FyAaRkjYHJL5w%3D%3D, line 2: unreachable code after return statement
JavaScript warning: https://portal.petrocollege.ru/_layouts/15/sp.ribbon.js?rev=1F3TSGFB5%2FyAaRkjYHJL5w%3D%3D, line 2: unreachable code after return statement
1619871177904	Marionette	INFO	Stopped listening on port 34901
